<?xml version="1.0" encoding="UTF-8"?>
<!-- Generated by org.testng.reporters.JUnitReportReporter -->
<testsuite hostname="LAPTOP-CRVHSKP7" failures="0" tests="1" name="com.simplilearn.Pizza_Hut.PizzaTest" time="27.100" errors="0" timestamp="2024-04-02T18:14:43 IST" skipped="0">
  <testcase classname="com.simplilearn.Pizza_Hut.PizzaTest" name="PizzaOrderTest" time="27.100"/>
  <system-out/>
</testsuite> <!-- com.simplilearn.Pizza_Hut.PizzaTest -->
