<?xml version="1.0" encoding="UTF-8"?>
<!-- Generated by org.testng.reporters.JUnitReportReporter -->
<testsuite hostname="LAPTOP-CRVHSKP7" failures="0" tests="1" name="com.simplilearn.Pizza_Hut.PizzaHutTests" time="27.721" errors="0" timestamp="2024-04-08T15:29:03 IST" skipped="0">
  <testcase classname="com.simplilearn.Pizza_Hut.PizzaHutTests" name="testPizzaOrder" time="27.721"/>
  <system-out/>
</testsuite> <!-- com.simplilearn.Pizza_Hut.PizzaHutTests -->
